<?xml version="1.0" encoding="UTF-8"?>
<testsuite xmlns:xsi="http://www.w3.org/2001/XMLSchema-instance" xsi:noNamespaceSchemaLocation="https://maven.apache.org/surefire/maven-surefire-plugin/xsd/surefire-test-report.xsd" name="AccountTypeControllerTest" time="3.471" tests="3" errors="0" skipped="0" failures="2">
  <properties>
[...]
</properties>
  <testcase name="deleteAccountType" classname="za.ac.nwu.ac.web.sb.controller.AccountTypeControllerTest" time="3.123">
    <failure message="Status expected:&lt;200&gt; but was:&lt;405&gt;" type="java.lang.AssertionError"><![CDATA[java.lang.AssertionError: Status expected:<200> but was:<405>
	at za.ac.nwu.ac.web.sb.controller.AccountTypeControllerTest.deleteAccountType(AccountTypeControllerTest.java:107)
]]></failure>
    <system-out><![CDATA[18:43:40.883 [main] DEBUG org.springframework.web.servlet.mvc.method.annotation.RequestMappingHandlerMapping - 4 mappings in <unknown>
18:43:41.524 [main] DEBUG org.jboss.logging - Logging Provider: org.jboss.logging.Log4j2LoggerProvider
18:43:41.526 [main] INFO org.hibernate.validator.internal.util.Version - HV000001: Hibernate Validator 6.0.17.Final
18:43:41.543 [main] DEBUG org.hibernate.validator.internal.engine.resolver.TraversableResolvers - Found javax.persistence.Persistence on classpath containing 'getPersistenceUtil'. Assuming JPA 2 environment. Trying to instantiate JPA aware TraversableResolver
18:43:41.544 [main] DEBUG org.hibernate.validator.internal.engine.resolver.TraversableResolvers - Instantiated JPA aware TraversableResolver of type org.hibernate.validator.internal.engine.resolver.JPATraversableResolver.
18:43:41.571 [main] DEBUG org.hibernate.validator.messageinterpolation.ResourceBundleMessageInterpolator - Loaded expression factory via original TCCL
18:43:41.572 [main] DEBUG org.hibernate.validator.internal.engine.ConfigurationImpl - Setting custom MessageInterpolator of type org.springframework.validation.beanvalidation.LocaleContextMessageInterpolator
18:43:41.573 [main] DEBUG org.hibernate.validator.internal.engine.ConfigurationImpl - Setting custom ParameterNameProvider of type org.springframework.validation.beanvalidation.LocalValidatorFactoryBean$1
18:43:41.577 [main] DEBUG org.hibernate.validator.internal.xml.config.ValidationXmlParser - Trying to load META-INF/validation.xml for XML based Validator configuration.
18:43:41.579 [main] DEBUG org.hibernate.validator.internal.xml.config.ResourceLoaderHelper - Trying to load META-INF/validation.xml via TCCL
18:43:41.579 [main] DEBUG org.hibernate.validator.internal.xml.config.ResourceLoaderHelper - Trying to load META-INF/validation.xml via Hibernate Validator's class loader
18:43:41.579 [main] DEBUG org.hibernate.validator.internal.xml.config.ValidationXmlParser - No META-INF/validation.xml found. Using annotation based configuration only.
18:43:41.806 [main] DEBUG org.hibernate.validator.internal.engine.ValidatorFactoryImpl - HV000234: Using org.springframework.validation.beanvalidation.LocaleContextMessageInterpolator as ValidatorFactory-scoped message interpolator.
18:43:41.806 [main] DEBUG org.hibernate.validator.internal.engine.ValidatorFactoryImpl - HV000234: Using org.hibernate.validator.internal.engine.resolver.JPATraversableResolver as ValidatorFactory-scoped traversable resolver.
18:43:41.807 [main] DEBUG org.hibernate.validator.internal.engine.ValidatorFactoryImpl - HV000234: Using org.hibernate.validator.internal.util.ExecutableParameterNameProvider as ValidatorFactory-scoped parameter name provider.
18:43:41.807 [main] DEBUG org.hibernate.validator.internal.engine.ValidatorFactoryImpl - HV000234: Using org.hibernate.validator.internal.engine.DefaultClockProvider as ValidatorFactory-scoped clock provider.
18:43:41.807 [main] DEBUG org.hibernate.validator.internal.engine.ValidatorFactoryImpl - HV000234: Using org.hibernate.validator.internal.engine.scripting.DefaultScriptEvaluatorFactory as ValidatorFactory-scoped script evaluator factory.
18:43:41.868 [main] DEBUG org.springframework.web.servlet.mvc.method.annotation.RequestMappingHandlerAdapter - ControllerAdvice beans: 0 @ModelAttribute, 0 @InitBinder, 1 RequestBodyAdvice, 1 ResponseBodyAdvice
18:43:41.923 [main] DEBUG org.springframework.web.servlet.mvc.method.annotation.ExceptionHandlerExceptionResolver - ControllerAdvice beans: 0 @ExceptionHandler, 1 ResponseBodyAdvice
18:43:41.978 [main] INFO org.springframework.mock.web.MockServletContext - Initializing Spring TestDispatcherServlet ''
18:43:41.979 [main] INFO org.springframework.test.web.servlet.TestDispatcherServlet - Initializing Servlet ''
18:43:41.984 [main] DEBUG org.springframework.test.web.servlet.TestDispatcherServlet - Detected AcceptHeaderLocaleResolver
18:43:41.984 [main] DEBUG org.springframework.test.web.servlet.TestDispatcherServlet - Detected FixedThemeResolver
18:43:41.985 [main] DEBUG org.springframework.test.web.servlet.TestDispatcherServlet - Detected org.springframework.web.servlet.view.DefaultRequestToViewNameTranslator@77a19366
18:43:41.985 [main] DEBUG org.springframework.test.web.servlet.TestDispatcherServlet - Detected org.springframework.web.servlet.support.SessionFlashMapManager@416bf563
18:43:41.985 [main] DEBUG org.springframework.test.web.servlet.TestDispatcherServlet - enableLoggingRequestDetails='false': request parameters and headers will be masked to prevent unsafe logging of potentially sensitive data
18:43:41.985 [main] INFO org.springframework.test.web.servlet.TestDispatcherServlet - Completed initialization in 6 ms
18:43:42.071 [main] DEBUG org.springframework.test.web.servlet.TestDispatcherServlet - DELETE "/account-system/mvc/account-type/PLAY", parameters={}
18:43:42.080 [main] WARN org.springframework.web.servlet.mvc.support.DefaultHandlerExceptionResolver - Resolved [org.springframework.web.HttpRequestMethodNotSupportedException: Request method 'DELETE' not supported]
18:43:42.083 [main] DEBUG org.springframework.test.web.servlet.TestDispatcherServlet - Completed 405 METHOD_NOT_ALLOWED
]]></system-out>
    <system-err><![CDATA[Oct 10, 2021 6:43:38 PM org.junit.vintage.engine.support.UniqueIdReader lambda$apply$1
WARNING: Could not read unique ID for Description; using display name instead: deleteAccountType(za.ac.nwu.ac.web.sb.controller.AccountTypeControllerTest)
Oct 10, 2021 6:43:38 PM org.junit.vintage.engine.support.UniqueIdReader lambda$apply$1
WARNING: Could not read unique ID for Description; using display name instead: getAll(za.ac.nwu.ac.web.sb.controller.AccountTypeControllerTest)
Oct 10, 2021 6:43:38 PM org.junit.vintage.engine.support.UniqueIdReader lambda$apply$1
WARNING: Could not read unique ID for Description; using display name instead: create(za.ac.nwu.ac.web.sb.controller.AccountTypeControllerTest)
Oct 10, 2021 6:43:38 PM org.junit.vintage.engine.support.UniqueIdReader lambda$apply$1
WARNING: Could not read unique ID for Description; using display name instead: deleteAccountType(za.ac.nwu.ac.web.sb.controller.AccountTypeControllerTest)
Oct 10, 2021 6:43:38 PM org.junit.vintage.engine.support.UniqueIdReader lambda$apply$1
WARNING: Could not read unique ID for Description; using display name instead: getAll(za.ac.nwu.ac.web.sb.controller.AccountTypeControllerTest)
Oct 10, 2021 6:43:38 PM org.junit.vintage.engine.support.UniqueIdReader lambda$apply$1
WARNING: Could not read unique ID for Description; using display name instead: create(za.ac.nwu.ac.web.sb.controller.AccountTypeControllerTest)
]]></system-err>
  </testcase>
  <testcase name="getAll" classname="za.ac.nwu.ac.web.sb.controller.AccountTypeControllerTest" time="0.179"/>
  <testcase name="create" classname="za.ac.nwu.ac.web.sb.controller.AccountTypeControllerTest" time="0.147">
    <failure message="&#10;Argument(s) are different! Wanted:&#10;createAccountTypeFlow.create(&#10;    AccountTypeDto{mnemonic=&apos;MILES&apos;, accountTypeName=&apos;Miles account_type&apos;, creationDate=2020-01-01}&#10;);&#10;-&gt; at za.ac.nwu.ac.web.sb.controller.AccountTypeControllerTest.create(AccountTypeControllerTest.java:92)&#10;Actual invocation has different arguments:&#10;createAccountTypeFlow.create(&#10;    AccountTypeDto{mnemonic=&apos;MILES&apos;, accountTypeName=&apos;Miles account type&apos;, creationDate=2020-01-01}&#10;);&#10;-&gt; at za.ac.nwu.ac.web.sb.controller.AccountTypeController.create(AccountTypeController.java:58)&#10;" type="org.mockito.exceptions.verification.junit.ArgumentsAreDifferent">org.mockito.exceptions.verification.junit.ArgumentsAreDifferent: 

Argument(s) are different! Wanted:
createAccountTypeFlow.create(
    AccountTypeDto{mnemonic='MILES', accountTypeName='Miles account_type', creationDate=2020-01-01}
);
-> at za.ac.nwu.ac.web.sb.controller.AccountTypeControllerTest.create(AccountTypeControllerTest.java:92)
Actual invocation has different arguments:
createAccountTypeFlow.create(
    AccountTypeDto{mnemonic='MILES', accountTypeName='Miles account type', creationDate=2020-01-01}
);
-> at za.ac.nwu.ac.web.sb.controller.AccountTypeController.create(AccountTypeController.java:58)

	at za.ac.nwu.ac.web.sb.controller.AccountTypeControllerTest.create(AccountTypeControllerTest.java:92)
</failure>
    <system-out><![CDATA[18:43:42.302 [main] DEBUG org.springframework.web.servlet.mvc.method.annotation.RequestMappingHandlerMapping - 4 mappings in <unknown>
18:43:42.307 [main] DEBUG org.hibernate.validator.internal.engine.resolver.TraversableResolvers - Found javax.persistence.Persistence on classpath containing 'getPersistenceUtil'. Assuming JPA 2 environment. Trying to instantiate JPA aware TraversableResolver
18:43:42.307 [main] DEBUG org.hibernate.validator.internal.engine.resolver.TraversableResolvers - Instantiated JPA aware TraversableResolver of type org.hibernate.validator.internal.engine.resolver.JPATraversableResolver.
18:43:42.307 [main] DEBUG org.hibernate.validator.messageinterpolation.ResourceBundleMessageInterpolator - Loaded expression factory via original TCCL
18:43:42.307 [main] DEBUG org.hibernate.validator.internal.engine.ConfigurationImpl - Setting custom MessageInterpolator of type org.springframework.validation.beanvalidation.LocaleContextMessageInterpolator
18:43:42.308 [main] DEBUG org.hibernate.validator.internal.engine.ConfigurationImpl - Setting custom ParameterNameProvider of type org.springframework.validation.beanvalidation.LocalValidatorFactoryBean$1
18:43:42.308 [main] DEBUG org.hibernate.validator.internal.xml.config.ValidationXmlParser - Trying to load META-INF/validation.xml for XML based Validator configuration.
18:43:42.308 [main] DEBUG org.hibernate.validator.internal.xml.config.ResourceLoaderHelper - Trying to load META-INF/validation.xml via TCCL
18:43:42.308 [main] DEBUG org.hibernate.validator.internal.xml.config.ResourceLoaderHelper - Trying to load META-INF/validation.xml via Hibernate Validator's class loader
18:43:42.308 [main] DEBUG org.hibernate.validator.internal.xml.config.ValidationXmlParser - No META-INF/validation.xml found. Using annotation based configuration only.
18:43:42.313 [main] DEBUG org.hibernate.validator.internal.engine.ValidatorFactoryImpl - HV000234: Using org.springframework.validation.beanvalidation.LocaleContextMessageInterpolator as ValidatorFactory-scoped message interpolator.
18:43:42.314 [main] DEBUG org.hibernate.validator.internal.engine.ValidatorFactoryImpl - HV000234: Using org.hibernate.validator.internal.engine.resolver.JPATraversableResolver as ValidatorFactory-scoped traversable resolver.
18:43:42.314 [main] DEBUG org.hibernate.validator.internal.engine.ValidatorFactoryImpl - HV000234: Using org.hibernate.validator.internal.util.ExecutableParameterNameProvider as ValidatorFactory-scoped parameter name provider.
18:43:42.314 [main] DEBUG org.hibernate.validator.internal.engine.ValidatorFactoryImpl - HV000234: Using org.hibernate.validator.internal.engine.DefaultClockProvider as ValidatorFactory-scoped clock provider.
18:43:42.314 [main] DEBUG org.hibernate.validator.internal.engine.ValidatorFactoryImpl - HV000234: Using org.hibernate.validator.internal.engine.scripting.DefaultScriptEvaluatorFactory as ValidatorFactory-scoped script evaluator factory.
18:43:42.315 [main] DEBUG org.springframework.web.servlet.mvc.method.annotation.RequestMappingHandlerAdapter - ControllerAdvice beans: 0 @ModelAttribute, 0 @InitBinder, 1 RequestBodyAdvice, 1 ResponseBodyAdvice
18:43:42.318 [main] DEBUG org.springframework.web.servlet.mvc.method.annotation.ExceptionHandlerExceptionResolver - ControllerAdvice beans: 0 @ExceptionHandler, 1 ResponseBodyAdvice
18:43:42.319 [main] INFO org.springframework.mock.web.MockServletContext - Initializing Spring TestDispatcherServlet ''
18:43:42.319 [main] INFO org.springframework.test.web.servlet.TestDispatcherServlet - Initializing Servlet ''
18:43:42.319 [main] DEBUG org.springframework.test.web.servlet.TestDispatcherServlet - Detected AcceptHeaderLocaleResolver
18:43:42.319 [main] DEBUG org.springframework.test.web.servlet.TestDispatcherServlet - Detected FixedThemeResolver
18:43:42.319 [main] DEBUG org.springframework.test.web.servlet.TestDispatcherServlet - Detected org.springframework.web.servlet.view.DefaultRequestToViewNameTranslator@32e14bc3
18:43:42.320 [main] DEBUG org.springframework.test.web.servlet.TestDispatcherServlet - Detected org.springframework.web.servlet.support.SessionFlashMapManager@6bb8ebb0
18:43:42.320 [main] DEBUG org.springframework.test.web.servlet.TestDispatcherServlet - enableLoggingRequestDetails='false': request parameters and headers will be masked to prevent unsafe logging of potentially sensitive data
18:43:42.320 [main] INFO org.springframework.test.web.servlet.TestDispatcherServlet - Completed initialization in 1 ms
18:43:42.323 [main] DEBUG org.springframework.test.web.servlet.TestDispatcherServlet - POST "/account-system/mvc/account-type", parameters={}
18:43:42.323 [main] DEBUG org.springframework.web.servlet.mvc.method.annotation.RequestMappingHandlerMapping - Mapped to public org.springframework.http.ResponseEntity<za.ac.nwu.ac.domain.service.GeneralResponse<za.ac.nwu.ac.domain.dto.AccountTypeDto>> za.ac.nwu.ac.web.sb.controller.AccountTypeController.create(za.ac.nwu.ac.domain.dto.AccountTypeDto)
18:43:42.394 [main] DEBUG org.springframework.web.servlet.mvc.method.annotation.RequestResponseBodyMethodProcessor - Read "application/json" to [AccountTypeDto{mnemonic='MILES', accountTypeName='Miles account type', creationDate=2020-01-01}]
18:43:42.424 [main] DEBUG org.springframework.web.servlet.mvc.method.annotation.HttpEntityMethodProcessor - Using 'application/json', given [application/json] and supported [application/json, application/*+json]
18:43:42.424 [main] DEBUG org.springframework.web.servlet.mvc.method.annotation.HttpEntityMethodProcessor - Writing [GeneralResponse{successful=true, payload=null}]
18:43:42.424 [main] DEBUG org.springframework.test.web.servlet.TestDispatcherServlet - Completed 201 CREATED
]]></system-out>
  </testcase>
</testsuite>